Warning: JAVA_HOME environment variable is not set.
[INFO] Scanning for projects...
[WARNING] 
[WARNING] Some problems were encountered while building the effective model for com.example:auth-course:war:0.0.1-SNAPSHOT
[WARNING] 'dependencies.dependency.(groupId:artifactId:type:classifier)' must be unique: junit:junit:jar -> version 4.8.1 vs (?) @ line 106, column 21
[WARNING] 
[WARNING] It is highly recommended to fix these problems because they threaten the stability of your build.
[WARNING] 
[WARNING] For this reason, future Maven versions might no longer support building such malformed projects.
[WARNING] 
[INFO] 
[INFO] ----------------------< com.example:auth-course >-----------------------
[INFO] Building auth-course 0.0.1-SNAPSHOT
[INFO] --------------------------------[ war ]---------------------------------
[INFO] 
[INFO] >>> spring-boot-maven-plugin:2.1.5.RELEASE:run (default-cli) > test-compile @ auth-course >>>
[INFO] 
[INFO] --- maven-resources-plugin:3.1.0:resources (default-resources) @ auth-course ---
[INFO] Using 'UTF-8' encoding to copy filtered resources.
[INFO] Copying 1 resource
[INFO] Copying 1 resource
[INFO] 
[INFO] --- maven-compiler-plugin:3.8.1:compile (default-compile) @ auth-course ---
[INFO] Nothing to compile - all classes are up to date
[INFO] 
[INFO] --- maven-resources-plugin:3.1.0:testResources (default-testResources) @ auth-course ---
[INFO] Using 'UTF-8' encoding to copy filtered resources.
[INFO] skip non existing resourceDirectory /home/khaled/coding/udacity/udacity-eCommerce/starter_code/src/test/resources
[INFO] 
[INFO] --- maven-compiler-plugin:3.8.1:testCompile (default-testCompile) @ auth-course ---
[INFO] Nothing to compile - all classes are up to date
[INFO] 
[INFO] <<< spring-boot-maven-plugin:2.1.5.RELEASE:run (default-cli) < test-compile @ auth-course <<<
[INFO] 
[INFO] 
[INFO] --- spring-boot-maven-plugin:2.1.5.RELEASE:run (default-cli) @ auth-course ---

  .   ____          _            __ _ _
 /\\ / ___'_ __ _ _(_)_ __  __ _ \ \ \ \
( ( )\___ | '_ | '_| | '_ \/ _` | \ \ \ \
 \\/  ___)| |_)| | | | | || (_| |  ) ) ) )
  '  |____| .__|_| |_|_| |_\__, | / / / /
 =========|_|==============|___/=/_/_/_/
 :: Spring Boot ::        (v2.1.5.RELEASE)

2023-05-27 16:10:55.157  INFO 39283 --- [           main] com.example.demo.SareetaApplication      : Starting SareetaApplication on khaled-pc with PID 39283 (/home/khaled/coding/udacity/udacity-eCommerce/starter_code/target/classes started by khaled in /home/khaled/coding/udacity/udacity-eCommerce/starter_code)
2023-05-27 16:10:55.159  INFO 39283 --- [           main] com.example.demo.SareetaApplication      : No active profile set, falling back to default profiles: default
2023-05-27 16:10:55.532  INFO 39283 --- [           main] .s.d.r.c.RepositoryConfigurationDelegate : Bootstrapping Spring Data repositories in DEFAULT mode.
2023-05-27 16:10:55.576  INFO 39283 --- [           main] .s.d.r.c.RepositoryConfigurationDelegate : Finished Spring Data repository scanning in 38ms. Found 4 repository interfaces.
2023-05-27 16:10:55.912  INFO 39283 --- [           main] trationDelegate$BeanPostProcessorChecker : Bean 'org.springframework.transaction.annotation.ProxyTransactionManagementConfiguration' of type [org.springframework.transaction.annotation.ProxyTransactionManagementConfiguration$$EnhancerBySpringCGLIB$$dc5f215d] is not eligible for getting processed by all BeanPostProcessors (for example: not eligible for auto-proxying)
2023-05-27 16:10:56.088  INFO 39283 --- [           main] o.s.b.w.embedded.tomcat.TomcatWebServer  : Tomcat initialized with port(s): 8001 (http)
2023-05-27 16:10:56.106  INFO 39283 --- [           main] o.apache.catalina.core.StandardService   : Starting service [Tomcat]
2023-05-27 16:10:56.106  INFO 39283 --- [           main] org.apache.catalina.core.StandardEngine  : Starting Servlet engine: [Apache Tomcat/9.0.19]
2023-05-27 16:10:56.159  INFO 39283 --- [           main] o.a.c.c.C.[Tomcat].[localhost].[/]       : Initializing Spring embedded WebApplicationContext
2023-05-27 16:10:56.159  INFO 39283 --- [           main] o.s.web.context.ContextLoader            : Root WebApplicationContext: initialization completed in 965 ms
2023-05-27 16:10:56.267  INFO 39283 --- [           main] com.zaxxer.hikari.HikariDataSource       : HikariPool-1 - Starting...
2023-05-27 16:10:56.365  INFO 39283 --- [           main] com.zaxxer.hikari.HikariDataSource       : HikariPool-1 - Start completed.
2023-05-27 16:10:56.397  INFO 39283 --- [           main] o.hibernate.jpa.internal.util.LogHelper  : HHH000204: Processing PersistenceUnitInfo [
	name: default
	...]
2023-05-27 16:10:56.431  INFO 39283 --- [           main] org.hibernate.Version                    : HHH000412: Hibernate Core {5.3.10.Final}
2023-05-27 16:10:56.432  INFO 39283 --- [           main] org.hibernate.cfg.Environment            : HHH000206: hibernate.properties not found
2023-05-27 16:10:56.516  INFO 39283 --- [           main] o.hibernate.annotations.common.Version   : HCANN000001: Hibernate Commons Annotations {5.0.4.Final}
2023-05-27 16:10:56.593  INFO 39283 --- [           main] org.hibernate.dialect.Dialect            : HHH000400: Using dialect: org.hibernate.dialect.H2Dialect
2023-05-27 16:10:57.079  INFO 39283 --- [           main] j.LocalContainerEntityManagerFactoryBean : Initialized JPA EntityManagerFactory for persistence unit 'default'
2023-05-27 16:10:57.429  WARN 39283 --- [           main] aWebConfiguration$JpaWebMvcConfiguration : spring.jpa.open-in-view is enabled by default. Therefore, database queries may be performed during view rendering. Explicitly configure spring.jpa.open-in-view to disable this warning
2023-05-27 16:10:57.486  INFO 39283 --- [           main] o.s.s.web.DefaultSecurityFilterChain     : Creating filter chain: any request, [org.springframework.security.web.context.request.async.WebAsyncManagerIntegrationFilter@6dfda41, org.springframework.security.web.context.SecurityContextPersistenceFilter@4757cb14, org.springframework.security.web.header.HeaderWriterFilter@2bb60f04, org.springframework.web.filter.CorsFilter@60bb1ba3, org.springframework.security.web.authentication.logout.LogoutFilter@78d375cc, com.example.demo.security.LoginHandler@521ad6b2, com.example.demo.security.AuthMiddlewareHandler@3ae40878, org.springframework.security.web.savedrequest.RequestCacheAwareFilter@6c488df9, org.springframework.security.web.servletapi.SecurityContextHolderAwareRequestFilter@703c74ce, org.springframework.security.web.authentication.AnonymousAuthenticationFilter@4291c0b7, org.springframework.security.web.session.SessionManagementFilter@25a0d034, org.springframework.security.web.access.ExceptionTranslationFilter@e483d61, org.springframework.security.web.access.intercept.FilterSecurityInterceptor@2a24257e]
2023-05-27 16:10:57.566  INFO 39283 --- [           main] o.s.s.concurrent.ThreadPoolTaskExecutor  : Initializing ExecutorService 'applicationTaskExecutor'
2023-05-27 16:10:57.753  INFO 39283 --- [           main] o.s.b.w.embedded.tomcat.TomcatWebServer  : Tomcat started on port(s): 8001 (http) with context path ''
2023-05-27 16:10:57.755  INFO 39283 --- [           main] com.example.demo.SareetaApplication      : Started SareetaApplication in 2.898 seconds (JVM running for 4.436)
